<?xml version="1.0" encoding="UTF-8"?>
<testng-results ignored="0" total="14" passed="13" failed="1" skipped="0">
  <reporter-output>
  </reporter-output>
  <suite started-at="2022-06-14T23:12:56 EET" name="Surefire suite" finished-at="2022-06-14T23:15:39 EET" duration-ms="162794">
    <groups>
      <group name="cucumber">
        <method signature="AbstractTestNGCucumberTests.runScenario(io.cucumber.testng.PickleWrapper,io.cucumber.testng.FeatureWrapper)[pri:0, instance:com.automation.runners.TestRunner@1018bde2]" name="runScenario" class="io.cucumber.testng.AbstractTestNGCucumberTests"/>
      </group> <!-- cucumber -->
    </groups>
    <test started-at="2022-06-14T23:12:56 EET" name="Surefire test" finished-at="2022-06-14T23:15:39 EET" duration-ms="162794">
      <class name="com.automation.runners.TestRunner">
        <test-method is-config="true" signature="setUpClass(org.testng.ITestContext)[pri:0, instance:com.automation.runners.TestRunner@1018bde2]" started-at="2022-06-14T23:12:56 EET" name="setUpClass" finished-at="2022-06-14T23:13:30 EET" duration-ms="34496" status="PASS">
          <params>
            <param index="0">
              <value>
                <![CDATA[org.testng.TestRunner@41c56930]]>
              </value>
            </param>
          </params>
          <reporter-output>
          </reporter-output>
        </test-method> <!-- setUpClass -->
        <test-method signature="runScenario(io.cucumber.testng.PickleWrapper,io.cucumber.testng.FeatureWrapper)[pri:0, instance:com.automation.runners.TestRunner@1018bde2]" started-at="2022-06-14T23:13:30 EET" name="runScenario" description="Runs Cucumber Scenarios" data-provider="scenarios" finished-at="2022-06-14T23:13:39 EET" duration-ms="8982" status="PASS">
          <params>
            <param index="0">
              <value>
                <![CDATA["User should be able to register with valid username and password"]]>
              </value>
            </param>
            <param index="1">
              <value>
                <![CDATA["Optional[F01_register | User could register with valid data]"]]>
              </value>
            </param>
          </params>
          <reporter-output>
          </reporter-output>
        </test-method> <!-- runScenario -->
        <test-method signature="runScenario(io.cucumber.testng.PickleWrapper,io.cucumber.testng.FeatureWrapper)[pri:0, instance:com.automation.runners.TestRunner@1018bde2]" started-at="2022-06-14T23:13:39 EET" name="runScenario" description="Runs Cucumber Scenarios" data-provider="scenarios" finished-at="2022-06-14T23:13:46 EET" duration-ms="6833" status="PASS">
          <params>
            <param index="0">
              <value>
                <![CDATA["user could login with valid email and password"]]>
              </value>
            </param>
            <param index="1">
              <value>
                <![CDATA["Optional[F02_login | users could use login functionality to open their accounts]"]]>
              </value>
            </param>
          </params>
          <reporter-output>
          </reporter-output>
        </test-method> <!-- runScenario -->
        <test-method signature="runScenario(io.cucumber.testng.PickleWrapper,io.cucumber.testng.FeatureWrapper)[pri:0, instance:com.automation.runners.TestRunner@1018bde2]" started-at="2022-06-14T23:13:46 EET" name="runScenario" description="Runs Cucumber Scenarios" data-provider="scenarios" finished-at="2022-06-14T23:13:58 EET" duration-ms="11663" status="PASS">
          <params>
            <param index="0">
              <value>
                <![CDATA["Success message appear after user reset his/her password"]]>
              </value>
            </param>
            <param index="1">
              <value>
                <![CDATA["Optional[F03_resetPassword |User could reset his/her password successfully]"]]>
              </value>
            </param>
          </params>
          <reporter-output>
          </reporter-output>
        </test-method> <!-- runScenario -->
        <test-method signature="runScenario(io.cucumber.testng.PickleWrapper,io.cucumber.testng.FeatureWrapper)[pri:0, instance:com.automation.runners.TestRunner@1018bde2]" started-at="2022-06-14T23:13:58 EET" name="runScenario" description="Runs Cucumber Scenarios" data-provider="scenarios" finished-at="2022-06-14T23:14:05 EET" duration-ms="7009" status="PASS">
          <params>
            <param index="0">
              <value>
                <![CDATA["user could search for product using full name"]]>
              </value>
            </param>
            <param index="1">
              <value>
                <![CDATA["Optional[F04_search | Logged User could search for any product]"]]>
              </value>
            </param>
          </params>
          <reporter-output>
          </reporter-output>
        </test-method> <!-- runScenario -->
        <test-method signature="runScenario(io.cucumber.testng.PickleWrapper,io.cucumber.testng.FeatureWrapper)[pri:0, instance:com.automation.runners.TestRunner@1018bde2]" started-at="2022-06-14T23:14:05 EET" name="runScenario" description="Runs Cucumber Scenarios" data-provider="scenarios" finished-at="2022-06-14T23:14:11 EET" duration-ms="6141" status="PASS">
          <params>
            <param index="0">
              <value>
                <![CDATA["user could makes advanced search"]]>
              </value>
            </param>
            <param index="1">
              <value>
                <![CDATA["Optional[F04_search | Logged User could search for any product]"]]>
              </value>
            </param>
          </params>
          <reporter-output>
          </reporter-output>
        </test-method> <!-- runScenario -->
        <test-method signature="runScenario(io.cucumber.testng.PickleWrapper,io.cucumber.testng.FeatureWrapper)[pri:0, instance:com.automation.runners.TestRunner@1018bde2]" started-at="2022-06-14T23:14:11 EET" name="runScenario" description="Runs Cucumber Scenarios" data-provider="scenarios" finished-at="2022-06-14T23:14:20 EET" duration-ms="8816" status="PASS">
          <params>
            <param index="0">
              <value>
                <![CDATA["add To Wishlist"]]>
              </value>
            </param>
            <param index="1">
              <value>
                <![CDATA["Optional[F05_addToWishlist | Logged user could add different products to Wishlist]"]]>
              </value>
            </param>
          </params>
          <reporter-output>
          </reporter-output>
        </test-method> <!-- runScenario -->
        <test-method signature="runScenario(io.cucumber.testng.PickleWrapper,io.cucumber.testng.FeatureWrapper)[pri:0, instance:com.automation.runners.TestRunner@1018bde2]" started-at="2022-06-14T23:14:20 EET" name="runScenario" description="Runs Cucumber Scenarios" data-provider="scenarios" finished-at="2022-06-14T23:14:27 EET" duration-ms="7282" status="PASS">
          <params>
            <param index="0">
              <value>
                <![CDATA["user filter products with specific color"]]>
              </value>
            </param>
            <param index="1">
              <value>
                <![CDATA["Optional[F06_filterWithColor | Logged user could filter with color]"]]>
              </value>
            </param>
          </params>
          <reporter-output>
          </reporter-output>
        </test-method> <!-- runScenario -->
        <test-method signature="runScenario(io.cucumber.testng.PickleWrapper,io.cucumber.testng.FeatureWrapper)[pri:0, instance:com.automation.runners.TestRunner@1018bde2]" started-at="2022-06-14T23:14:27 EET" name="runScenario" description="Runs Cucumber Scenarios" data-provider="scenarios" finished-at="2022-06-14T23:14:32 EET" duration-ms="4914" status="PASS">
          <params>
            <param index="0">
              <value>
                <![CDATA["Select random category then hover and open sub-Category"]]>
              </value>
            </param>
            <param index="1">
              <value>
                <![CDATA["Optional[F07_selectCategories | Logged user could select different Categories]"]]>
              </value>
            </param>
          </params>
          <reporter-output>
          </reporter-output>
        </test-method> <!-- runScenario -->
        <test-method signature="runScenario(io.cucumber.testng.PickleWrapper,io.cucumber.testng.FeatureWrapper)[pri:0, instance:com.automation.runners.TestRunner@1018bde2]" started-at="2022-06-14T23:14:32 EET" name="runScenario" description="Runs Cucumber Scenarios" data-provider="scenarios" finished-at="2022-06-14T23:14:38 EET" duration-ms="5619" status="PASS">
          <params>
            <param index="0">
              <value>
                <![CDATA["User could switch between currencies US-Euro"]]>
              </value>
            </param>
            <param index="1">
              <value>
                <![CDATA["Optional[F08_switchCurrencies | Logged User could switch between currencies]"]]>
              </value>
            </param>
          </params>
          <reporter-output>
          </reporter-output>
        </test-method> <!-- runScenario -->
        <test-method signature="runScenario(io.cucumber.testng.PickleWrapper,io.cucumber.testng.FeatureWrapper)[pri:0, instance:com.automation.runners.TestRunner@1018bde2]" started-at="2022-06-14T23:14:38 EET" name="runScenario" description="Runs Cucumber Scenarios" data-provider="scenarios" finished-at="2022-06-14T23:14:45 EET" duration-ms="7497" status="PASS">
          <params>
            <param index="0">
              <value>
                <![CDATA["user could select tags"]]>
              </value>
            </param>
            <param index="1">
              <value>
                <![CDATA["Optional[F09_selectTags | Logged user could select different tags]"]]>
              </value>
            </param>
          </params>
          <reporter-output>
          </reporter-output>
        </test-method> <!-- runScenario -->
        <test-method signature="runScenario(io.cucumber.testng.PickleWrapper,io.cucumber.testng.FeatureWrapper)[pri:0, instance:com.automation.runners.TestRunner@1018bde2]" started-at="2022-06-14T23:14:45 EET" name="runScenario" description="Runs Cucumber Scenarios" data-provider="scenarios" finished-at="2022-06-14T23:14:55 EET" duration-ms="10084" status="PASS">
          <params>
            <param index="0">
              <value>
                <![CDATA["AddTo Compare List"]]>
              </value>
            </param>
            <param index="1">
              <value>
                <![CDATA["Optional[F10_AddToCompareList | Logged user could add different products to compare list]"]]>
              </value>
            </param>
          </params>
          <reporter-output>
          </reporter-output>
        </test-method> <!-- runScenario -->
        <test-method signature="runScenario(io.cucumber.testng.PickleWrapper,io.cucumber.testng.FeatureWrapper)[pri:0, instance:com.automation.runners.TestRunner@1018bde2]" started-at="2022-06-14T23:14:55 EET" name="runScenario" description="Runs Cucumber Scenarios" data-provider="scenarios" finished-at="2022-06-14T23:15:01 EET" duration-ms="5809" status="PASS">
          <params>
            <param index="0">
              <value>
                <![CDATA["user add products to cart"]]>
              </value>
            </param>
            <param index="1">
              <value>
                <![CDATA["Optional[F11_addToCart | Logged user could add different products to Shopping cart]"]]>
              </value>
            </param>
          </params>
          <reporter-output>
          </reporter-output>
        </test-method> <!-- runScenario -->
        <test-method signature="runScenario(io.cucumber.testng.PickleWrapper,io.cucumber.testng.FeatureWrapper)[pri:0, instance:com.automation.runners.TestRunner@1018bde2]" started-at="2022-06-14T23:15:01 EET" name="runScenario" description="Runs Cucumber Scenarios" data-provider="scenarios" finished-at="2022-06-14T23:15:13 EET" duration-ms="12118" status="FAIL">
          <params>
            <param index="0">
              <value>
                <![CDATA["user edit shopping cart"]]>
              </value>
            </param>
            <param index="1">
              <value>
                <![CDATA["Optional[F11_addToCart | Logged user could add different products to Shopping cart]"]]>
              </value>
            </param>
          </params>
          <exception class="org.openqa.selenium.NoSuchElementException">
            <message>
              <![CDATA[no such element: Unable to locate element: {"method":"xpath","selector":"//td[@class="quantity"]/input[@class="qty-input"] "}
  (Session info: chrome=102.0.5005.115)
For documentation on this error, please visit: https://selenium.dev/exceptions/#no_such_element
Build info: version: '4.1.2', revision: '9a5a329c5a'
System info: host: 'DESKTOP-CRROM10', ip: '192.168.1.8', os.name: 'Windows 10', os.arch: 'amd64', os.version: '10.0', java.version: '16.0.2'
Driver info: org.openqa.selenium.chrome.ChromeDriver
Command: [e907d6ca848f99731d4a4c828dbea637, findElement {using=xpath, value=//td[@class="quantity"]/input[@class="qty-input"] }]
Capabilities {acceptInsecureCerts: false, browserName: chrome, browserVersion: 102.0.5005.115, chrome: {chromedriverVersion: 102.0.5005.61 (0e59bcc00cc4..., userDataDir: C:\Users\ADMINI~1\AppData\L...}, goog:chromeOptions: {debuggerAddress: localhost:51346}, javascriptEnabled: true, networkConnectionEnabled: false, pageLoadStrategy: normal, platform: WINDOWS, platformName: WINDOWS, proxy: Proxy(), se:cdp: ws://localhost:51346/devtoo..., se:cdpVersion: 102.0.5005.115, setWindowRect: true, strictFileInteractability: false, timeouts: {implicit: 0, pageLoad: 300000, script: 30000}, unhandledPromptBehavior: dismiss and notify, webauthn:extension:credBlob: true, webauthn:extension:largeBlob: true, webauthn:virtualAuthenticators: true}
Session ID: e907d6ca848f99731d4a4c828dbea637]]>
            </message>
            <full-stacktrace>
              <![CDATA[org.openqa.selenium.NoSuchElementException: no such element: Unable to locate element: {"method":"xpath","selector":"//td[@class="quantity"]/input[@class="qty-input"] "}
  (Session info: chrome=102.0.5005.115)
For documentation on this error, please visit: https://selenium.dev/exceptions/#no_such_element
Build info: version: '4.1.2', revision: '9a5a329c5a'
System info: host: 'DESKTOP-CRROM10', ip: '192.168.1.8', os.name: 'Windows 10', os.arch: 'amd64', os.version: '10.0', java.version: '16.0.2'
Driver info: org.openqa.selenium.chrome.ChromeDriver
Command: [e907d6ca848f99731d4a4c828dbea637, findElement {using=xpath, value=//td[@class="quantity"]/input[@class="qty-input"] }]
Capabilities {acceptInsecureCerts: false, browserName: chrome, browserVersion: 102.0.5005.115, chrome: {chromedriverVersion: 102.0.5005.61 (0e59bcc00cc4..., userDataDir: C:\Users\ADMINI~1\AppData\L...}, goog:chromeOptions: {debuggerAddress: localhost:51346}, javascriptEnabled: true, networkConnectionEnabled: false, pageLoadStrategy: normal, platform: WINDOWS, platformName: WINDOWS, proxy: Proxy(), se:cdp: ws://localhost:51346/devtoo..., se:cdpVersion: 102.0.5005.115, setWindowRect: true, strictFileInteractability: false, timeouts: {implicit: 0, pageLoad: 300000, script: 30000}, unhandledPromptBehavior: dismiss and notify, webauthn:extension:credBlob: true, webauthn:extension:largeBlob: true, webauthn:virtualAuthenticators: true}
Session ID: e907d6ca848f99731d4a4c828dbea637
at java.base/jdk.internal.reflect.NativeConstructorAccessorImpl.newInstance0(Native Method)
at java.base/jdk.internal.reflect.NativeConstructorAccessorImpl.newInstance(NativeConstructorAccessorImpl.java:78)
at java.base/jdk.internal.reflect.DelegatingConstructorAccessorImpl.newInstance(DelegatingConstructorAccessorImpl.java:45)
at java.base/java.lang.reflect.Constructor.newInstanceWithCaller(Constructor.java:499)
at java.base/java.lang.reflect.Constructor.newInstance(Constructor.java:480)
at org.openqa.selenium.remote.codec.w3c.W3CHttpResponseCodec.createException(W3CHttpResponseCodec.java:200)
at org.openqa.selenium.remote.codec.w3c.W3CHttpResponseCodec.decode(W3CHttpResponseCodec.java:133)
at org.openqa.selenium.remote.codec.w3c.W3CHttpResponseCodec.decode(W3CHttpResponseCodec.java:53)
at org.openqa.selenium.remote.HttpCommandExecutor.execute(HttpCommandExecutor.java:184)
at org.openqa.selenium.remote.service.DriverCommandExecutor.invokeExecute(DriverCommandExecutor.java:167)
at org.openqa.selenium.remote.service.DriverCommandExecutor.execute(DriverCommandExecutor.java:142)
at org.openqa.selenium.remote.RemoteWebDriver.execute(RemoteWebDriver.java:558)
at org.openqa.selenium.remote.ElementLocation$ElementFinder$2.findElement(ElementLocation.java:162)
at org.openqa.selenium.remote.ElementLocation.findElement(ElementLocation.java:60)
at org.openqa.selenium.remote.RemoteWebDriver.findElement(RemoteWebDriver.java:382)
at org.openqa.selenium.remote.RemoteWebDriver.findElement(RemoteWebDriver.java:374)
at pages.Cart.changeQuantity(Cart.java:30)
at com.automation.step_definitions.AddToCart.change_product_quantity(AddToCart.java:37)
at ✽.User can change product quantity in shipping cart(file:///C:/Users/Administrator/Downloads/E-Commerce%20Automation-Test/E-Commerce%20Automation-Test/src/main/resources/features/F11_addToCart.feature:11)
]]>
            </full-stacktrace>
          </exception> <!-- org.openqa.selenium.NoSuchElementException -->
          <reporter-output>
          </reporter-output>
        </test-method> <!-- runScenario -->
        <test-method signature="runScenario(io.cucumber.testng.PickleWrapper,io.cucumber.testng.FeatureWrapper)[pri:0, instance:com.automation.runners.TestRunner@1018bde2]" started-at="2022-06-14T23:15:13 EET" name="runScenario" description="Runs Cucumber Scenarios" data-provider="scenarios" finished-at="2022-06-14T23:15:36 EET" duration-ms="22893" status="PASS">
          <params>
            <param index="0">
              <value>
                <![CDATA[""]]>
              </value>
            </param>
            <param index="1">
              <value>
                <![CDATA["Optional[F_12 Create successful Order]"]]>
              </value>
            </param>
          </params>
          <reporter-output>
          </reporter-output>
        </test-method> <!-- runScenario -->
        <test-method is-config="true" signature="tearDownClass()[pri:0, instance:com.automation.runners.TestRunner@1018bde2]" started-at="2022-06-14T23:15:36 EET" name="tearDownClass" finished-at="2022-06-14T23:15:39 EET" duration-ms="2566" status="PASS">
          <reporter-output>
          </reporter-output>
        </test-method> <!-- tearDownClass -->
      </class> <!-- com.automation.runners.TestRunner -->
    </test> <!-- Surefire test -->
  </suite> <!-- Surefire suite -->
</testng-results>
