<?xml version="1.0" encoding="UTF-8"?>
<testsuite xmlns:xsi="http://www.w3.org/2001/XMLSchema-instance" xsi:noNamespaceSchemaLocation="https://maven.apache.org/surefire/maven-surefire-plugin/xsd/surefire-test-report.xsd" name="com.automation.runners.TestRunner" time="163.625" tests="14" errors="0" skipped="0" failures="1">
  <properties>
[...]
</properties>
  <testcase name="runScenario" classname="com.automation.runners.TestRunner" time="8.983"/>
  <testcase name="runScenario" classname="com.automation.runners.TestRunner" time="6.832"/>
  <testcase name="runScenario" classname="com.automation.runners.TestRunner" time="11.663"/>
  <testcase name="runScenario" classname="com.automation.runners.TestRunner" time="7.009"/>
  <testcase name="runScenario" classname="com.automation.runners.TestRunner" time="6.142"/>
  <testcase name="runScenario" classname="com.automation.runners.TestRunner" time="8.817"/>
  <testcase name="runScenario" classname="com.automation.runners.TestRunner" time="7.282"/>
  <testcase name="runScenario" classname="com.automation.runners.TestRunner" time="4.915"/>
  <testcase name="runScenario" classname="com.automation.runners.TestRunner" time="5.619"/>
  <testcase name="runScenario" classname="com.automation.runners.TestRunner" time="7.498"/>
  <testcase name="runScenario" classname="com.automation.runners.TestRunner" time="10.085"/>
  <testcase name="runScenario" classname="com.automation.runners.TestRunner" time="5.809"/>
  <testcase name="runScenario" classname="com.automation.runners.TestRunner" time="12.126">
    <failure message="no such element: Unable to locate element: {&quot;method&quot;:&quot;xpath&quot;,&quot;selector&quot;:&quot;//td[@class=&quot;quantity&quot;]/input[@class=&quot;qty-input&quot;] &quot;}&#10;  (Session info: chrome=102.0.5005.115)&#10;For documentation on this error, please visit: https://selenium.dev/exceptions/#no_such_element&#10;Build info: version: &apos;4.1.2&apos;, revision: &apos;9a5a329c5a&apos;&#10;System info: host: &apos;DESKTOP-CRROM10&apos;, ip: &apos;192.168.1.8&apos;, os.name: &apos;Windows 10&apos;, os.arch: &apos;amd64&apos;, os.version: &apos;10.0&apos;, java.version: &apos;16.0.2&apos;&#10;Driver info: org.openqa.selenium.chrome.ChromeDriver&#10;Command: [e907d6ca848f99731d4a4c828dbea637, findElement {using=xpath, value=//td[@class=&quot;quantity&quot;]/input[@class=&quot;qty-input&quot;] }]&#10;Capabilities {acceptInsecureCerts: false, browserName: chrome, browserVersion: 102.0.5005.115, chrome: {chromedriverVersion: 102.0.5005.61 (0e59bcc00cc4..., userDataDir: C:\Users\ADMINI~1\AppData\L...}, goog:chromeOptions: {debuggerAddress: localhost:51346}, javascriptEnabled: true, networkConnectionEnabled: false, pageLoadStrategy: normal, platform: WINDOWS, platformName: WINDOWS, proxy: Proxy(), se:cdp: ws://localhost:51346/devtoo..., se:cdpVersion: 102.0.5005.115, setWindowRect: true, strictFileInteractability: false, timeouts: {implicit: 0, pageLoad: 300000, script: 30000}, unhandledPromptBehavior: dismiss and notify, webauthn:extension:credBlob: true, webauthn:extension:largeBlob: true, webauthn:virtualAuthenticators: true}&#10;Session ID: e907d6ca848f99731d4a4c828dbea637" type="org.openqa.selenium.NoSuchElementException">org.openqa.selenium.NoSuchElementException: 
no such element: Unable to locate element: {"method":"xpath","selector":"//td[@class="quantity"]/input[@class="qty-input"] "}
  (Session info: chrome=102.0.5005.115)
For documentation on this error, please visit: https://selenium.dev/exceptions/#no_such_element
Build info: version: '4.1.2', revision: '9a5a329c5a'
System info: host: 'DESKTOP-CRROM10', ip: '192.168.1.8', os.name: 'Windows 10', os.arch: 'amd64', os.version: '10.0', java.version: '16.0.2'
Driver info: org.openqa.selenium.chrome.ChromeDriver
Command: [e907d6ca848f99731d4a4c828dbea637, findElement {using=xpath, value=//td[@class="quantity"]/input[@class="qty-input"] }]
Capabilities {acceptInsecureCerts: false, browserName: chrome, browserVersion: 102.0.5005.115, chrome: {chromedriverVersion: 102.0.5005.61 (0e59bcc00cc4..., userDataDir: C:\Users\ADMINI~1\AppData\L...}, goog:chromeOptions: {debuggerAddress: localhost:51346}, javascriptEnabled: true, networkConnectionEnabled: false, pageLoadStrategy: normal, platform: WINDOWS, platformName: WINDOWS, proxy: Proxy(), se:cdp: ws://localhost:51346/devtoo..., se:cdpVersion: 102.0.5005.115, setWindowRect: true, strictFileInteractability: false, timeouts: {implicit: 0, pageLoad: 300000, script: 30000}, unhandledPromptBehavior: dismiss and notify, webauthn:extension:credBlob: true, webauthn:extension:largeBlob: true, webauthn:virtualAuthenticators: true}
Session ID: e907d6ca848f99731d4a4c828dbea637
</failure>
    <system-out><![CDATA[
@smoke
Scenario: user edit shopping cart                        # src/main/resources/features/F11_addToCart.feature:9
  Given user open shopping cart                          # com.automation.step_definitions.AddToCart.open_shopping_cart()
  When User can change product quantity in shipping cart # com.automation.step_definitions.AddToCart.change_product_quantity()
      org.openqa.selenium.NoSuchElementException: no such element: Unable to locate element: {"method":"xpath","selector":"//td[@class="quantity"]/input[@class="qty-input"] "}
  (Session info: chrome=102.0.5005.115)
For documentation on this error, please visit: https://selenium.dev/exceptions/#no_such_element
Build info: version: '4.1.2', revision: '9a5a329c5a'
System info: host: 'DESKTOP-CRROM10', ip: '192.168.1.8', os.name: 'Windows 10', os.arch: 'amd64', os.version: '10.0', java.version: '16.0.2'
Driver info: org.openqa.selenium.chrome.ChromeDriver
Command: [e907d6ca848f99731d4a4c828dbea637, findElement {using=xpath, value=//td[@class="quantity"]/input[@class="qty-input"] }]
Capabilities {acceptInsecureCerts: false, browserName: chrome, browserVersion: 102.0.5005.115, chrome: {chromedriverVersion: 102.0.5005.61 (0e59bcc00cc4..., userDataDir: C:\Users\ADMINI~1\AppData\L...}, goog:chromeOptions: {debuggerAddress: localhost:51346}, javascriptEnabled: true, networkConnectionEnabled: false, pageLoadStrategy: normal, platform: WINDOWS, platformName: WINDOWS, proxy: Proxy(), se:cdp: ws://localhost:51346/devtoo..., se:cdpVersion: 102.0.5005.115, setWindowRect: true, strictFileInteractability: false, timeouts: {implicit: 0, pageLoad: 300000, script: 30000}, unhandledPromptBehavior: dismiss and notify, webauthn:extension:credBlob: true, webauthn:extension:largeBlob: true, webauthn:virtualAuthenticators: true}
Session ID: e907d6ca848f99731d4a4c828dbea637
	at java.base/jdk.internal.reflect.NativeConstructorAccessorImpl.newInstance0(Native Method)
	at java.base/jdk.internal.reflect.NativeConstructorAccessorImpl.newInstance(NativeConstructorAccessorImpl.java:78)
	at java.base/jdk.internal.reflect.DelegatingConstructorAccessorImpl.newInstance(DelegatingConstructorAccessorImpl.java:45)
	at java.base/java.lang.reflect.Constructor.newInstanceWithCaller(Constructor.java:499)
	at java.base/java.lang.reflect.Constructor.newInstance(Constructor.java:480)
	at org.openqa.selenium.remote.codec.w3c.W3CHttpResponseCodec.createException(W3CHttpResponseCodec.java:200)
	at org.openqa.selenium.remote.codec.w3c.W3CHttpResponseCodec.decode(W3CHttpResponseCodec.java:133)
	at org.openqa.selenium.remote.codec.w3c.W3CHttpResponseCodec.decode(W3CHttpResponseCodec.java:53)
	at org.openqa.selenium.remote.HttpCommandExecutor.execute(HttpCommandExecutor.java:184)
	at org.openqa.selenium.remote.service.DriverCommandExecutor.invokeExecute(DriverCommandExecutor.java:167)
	at org.openqa.selenium.remote.service.DriverCommandExecutor.execute(DriverCommandExecutor.java:142)
	at org.openqa.selenium.remote.RemoteWebDriver.execute(RemoteWebDriver.java:558)
	at org.openqa.selenium.remote.ElementLocation$ElementFinder$2.findElement(ElementLocation.java:162)
	at org.openqa.selenium.remote.ElementLocation.findElement(ElementLocation.java:60)
	at org.openqa.selenium.remote.RemoteWebDriver.findElement(RemoteWebDriver.java:382)
	at org.openqa.selenium.remote.RemoteWebDriver.findElement(RemoteWebDriver.java:374)
	at pages.Cart.changeQuantity(Cart.java:30)
	at com.automation.step_definitions.AddToCart.change_product_quantity(AddToCart.java:37)
	at âœ½.User can change product quantity in shipping cart(file:///C:/Users/Administrator/Downloads/E-Commerce%20Automation-Test/E-Commerce%20Automation-Test/src/main/resources/features/F11_addToCart.feature:11)

  Then User can delete product from shipping cart        # com.automation.step_definitions.AddToCart.delete_product()
]]></system-out>
  </testcase>
  <testcase name="runScenario" classname="com.automation.runners.TestRunner" time="22.892"/>
</testsuite>